<?xml version="1.0" encoding="UTF-8"?>
<!-- Generated by org.testng.reporters.JUnitXMLReporter -->
<testsuite hostname="DESKTOP-0FJT81L" ignored="0" name="Command line test" tests="4" failures="1" timestamp="21 Feb 2019 10:12:51 GMT" time="55.799" errors="0">
  <testcase name="LoginPageLogo" time="0.052" classname="com.smu.qa.testcases.LoginPageTest">
    <failure type="java.lang.AssertionError" message="Logo is wrong expected [true] but found [false]">
      <![CDATA[java.lang.AssertionError: Logo is wrong expected [true] but found [false]
at com.smu.qa.testcases.LoginPageTest.LoginPageLogo(LoginPageTest.java:36)
... Removed 37 stack frames]]>
    </failure>
  </testcase> <!-- LoginPageLogo -->
  <testcase name="LoginPageTitleTest" time="0.008" classname="com.smu.qa.testcases.LoginPageTest"/>
  <testcase name="RememberUsernameCheckBox" time="0.088" classname="com.smu.qa.testcases.LoginPageTest"/>
  <testcase name="userlogin" time="15.043" classname="com.smu.qa.testcases.LoginPageTest"/>
</testsuite> <!-- Command line test -->
