<?xml version="1.0" encoding="UTF-8"?>
<!-- Generated by org.testng.reporters.JUnitXMLReporter -->
<testsuite hostname="DESKTOP-0FJT81L" ignored="0" name="Default test" tests="4" failures="0" timestamp="21 Feb 2019 10:20:10 GMT" time="50.346" errors="0">
  <testcase name="LoginPageLogo" time="0.058" classname="com.smu.qa.testcases.LoginPageTest"/>
  <testcase name="LoginPageTitleTest" time="0.012" classname="com.smu.qa.testcases.LoginPageTest"/>
  <testcase name="RememberUsernameCheckBox" time="0.041" classname="com.smu.qa.testcases.LoginPageTest"/>
  <testcase name="userlogin" time="14.484" classname="com.smu.qa.testcases.LoginPageTest"/>
</testsuite> <!-- Default test -->
