<?xml version="1.0" encoding="UTF-8" ?>
<testsuite tests="4" failures="1" name="com.smu.qa.testcases.LoginPageTest" time="15.195" errors="0" skipped="0">
  <properties>
[...]
</properties>
  <testcase classname="com.smu.qa.testcases.LoginPageTest" name="LoginPageLogo" time="0.06">
    <failure message="Logo is wrong expected [true] but found [false]" type="java.lang.AssertionError">java.lang.AssertionError: Logo is wrong expected [true] but found [false]
	at org.testng.Assert.fail(Assert.java:96)
	at org.testng.Assert.failNotEquals(Assert.java:776)
	at org.testng.Assert.assertTrue(Assert.java:44)
	at com.smu.qa.testcases.LoginPageTest.LoginPageLogo(LoginPageTest.java:36)
</failure>
    <system-out>Configuring TestNG with: org.apache.maven.surefire.testng.conf.TestNG652Configurator@4361bd48
</system-out>
    <system-err>Starting ChromeDriver 2.43.600210 (68dcf5eebde37173d4027fa8635e332711d2874a) on port 25109
Only local connections are allowed.
Feb 21, 2019 3:42:00 PM org.openqa.selenium.remote.ProtocolHandshake createSession
INFO: Detected dialect: OSS
</system-err>
  </testcase>
  <testcase classname="com.smu.qa.testcases.LoginPageTest" name="LoginPageTitleTest" time="0.004"/>
  <testcase classname="com.smu.qa.testcases.LoginPageTest" name="RememberUsernameCheckBox" time="0.088"/>
  <testcase classname="com.smu.qa.testcases.LoginPageTest" name="userlogin" time="15.043"/>
</testsuite>