<?xml version="1.0" encoding="UTF-8"?>
<testng-results skipped="0" failed="0" ignored="0" total="1" passed="1">
  <reporter-output>
  </reporter-output>
  <suite name="LoginTest " duration-ms="31020" started-at="2019-02-20T16:19:28Z" finished-at="2019-02-20T16:19:59Z">
    <groups>
    </groups>
    <test name="LoginTest" duration-ms="31020" started-at="2019-02-20T16:19:28Z" finished-at="2019-02-20T16:19:59Z">
      <class name="com.smu.qa.testcases.LoginTest">
        <test-method status="PASS" signature="setUp()[pri:0, instance:com.smu.qa.testcases.LoginTest@42e26948]" name="setUp" is-config="true" duration-ms="11051" started-at="2019-02-20T16:19:28Z" finished-at="2019-02-20T16:19:39Z">
          <reporter-output>
          </reporter-output>
        </test-method> <!-- setUp -->
        <test-method status="PASS" signature="userlogin()[pri:0, instance:com.smu.qa.testcases.LoginTest@42e26948]" name="userlogin" duration-ms="19284" started-at="2019-02-20T16:19:39Z" finished-at="2019-02-20T16:19:58Z">
          <reporter-output>
          </reporter-output>
        </test-method> <!-- userlogin -->
        <test-method status="PASS" signature="tearDown()[pri:0, instance:com.smu.qa.testcases.LoginTest@42e26948]" name="tearDown" is-config="true" duration-ms="647" started-at="2019-02-20T16:19:58Z" finished-at="2019-02-20T16:19:59Z">
          <reporter-output>
          </reporter-output>
        </test-method> <!-- tearDown -->
      </class> <!-- com.smu.qa.testcases.LoginTest -->
    </test> <!-- LoginTest -->
  </suite> <!-- LoginTest  -->
</testng-results>
